0 info it worked if it ends with ok
1 verbose cli [ '/usr/local/bin/node', '/usr/local/bin/npm', 'owner', 'ls' ]
2 info using npm@2.15.8
3 info using node@v4.4.7
4 silly mapToRegistry name virtualtour-server
5 silly mapToRegistry using default registry
6 silly mapToRegistry registry https://registry.npmjs.org/
7 silly mapToRegistry data Result {
7 silly mapToRegistry   raw: 'virtualtour-server',
7 silly mapToRegistry   scope: null,
7 silly mapToRegistry   name: 'virtualtour-server',
7 silly mapToRegistry   rawSpec: '',
7 silly mapToRegistry   spec: 'latest',
7 silly mapToRegistry   type: 'tag' }
8 silly mapToRegistry uri https://registry.npmjs.org/virtualtour-server
9 verbose request uri https://registry.npmjs.org/virtualtour-server
10 verbose request no auth needed
11 info attempt registry request try #1 at 5:05:31 PM
12 verbose request id 40f6a3c736285a8a
13 http request GET https://registry.npmjs.org/virtualtour-server
14 http 404 https://registry.npmjs.org/virtualtour-server
15 verbose headers { 'content-type': 'application/json',
15 verbose headers   'cache-control': 'max-age=0',
15 verbose headers   'content-length': '2',
15 verbose headers   'accept-ranges': 'bytes',
15 verbose headers   date: 'Fri, 19 Aug 2016 21:05:39 GMT',
15 verbose headers   via: '1.1 varnish',
15 verbose headers   age: '0',
15 verbose headers   connection: 'keep-alive',
15 verbose headers   'x-served-by': 'cache-yyz8324-YYZ',
15 verbose headers   'x-cache': 'MISS',
15 verbose headers   'x-cache-hits': '0',
15 verbose headers   'x-timer': 'S1471640739.294458,VS0,VE201',
15 verbose headers   vary: 'Accept-Encoding' }
16 silly get cb [ 404,
16 silly get   { 'content-type': 'application/json',
16 silly get     'cache-control': 'max-age=0',
16 silly get     'content-length': '2',
16 silly get     'accept-ranges': 'bytes',
16 silly get     date: 'Fri, 19 Aug 2016 21:05:39 GMT',
16 silly get     via: '1.1 varnish',
16 silly get     age: '0',
16 silly get     connection: 'keep-alive',
16 silly get     'x-served-by': 'cache-yyz8324-YYZ',
16 silly get     'x-cache': 'MISS',
16 silly get     'x-cache-hits': '0',
16 silly get     'x-timer': 'S1471640739.294458,VS0,VE201',
16 silly get     vary: 'Accept-Encoding' } ]
17 error owner ls Couldn't get owner data virtualtour-server
18 verbose stack Error: Registry returned 404 for GET on https://registry.npmjs.org/virtualtour-server
18 verbose stack     at makeError (/usr/local/lib/node_modules/npm/node_modules/npm-registry-client/lib/request.js:264:12)
18 verbose stack     at CachingRegistryClient.<anonymous> (/usr/local/lib/node_modules/npm/node_modules/npm-registry-client/lib/request.js:242:14)
18 verbose stack     at Request._callback (/usr/local/lib/node_modules/npm/node_modules/npm-registry-client/lib/request.js:172:14)
18 verbose stack     at Request.self.callback (/usr/local/lib/node_modules/npm/node_modules/request/request.js:200:22)
18 verbose stack     at emitTwo (events.js:87:13)
18 verbose stack     at Request.emit (events.js:172:7)
18 verbose stack     at Request.<anonymous> (/usr/local/lib/node_modules/npm/node_modules/request/request.js:1067:10)
18 verbose stack     at emitOne (events.js:82:20)
18 verbose stack     at Request.emit (events.js:169:7)
18 verbose stack     at IncomingMessage.<anonymous> (/usr/local/lib/node_modules/npm/node_modules/request/request.js:988:12)
19 verbose statusCode 404
20 verbose pkgid virtualtour-server
21 verbose cwd /Users/wose/nodehaus/virtualtour-server
22 error Darwin 15.6.0
23 error argv "/usr/local/bin/node" "/usr/local/bin/npm" "owner" "ls"
24 error node v4.4.7
25 error npm  v2.15.8
26 error code E404
27 error 404 Registry returned 404 for GET on https://registry.npmjs.org/virtualtour-server
27 error 404
27 error 404 'virtualtour-server' is not in the npm registry.
27 error 404 You should bug the author to publish it (or use the name yourself!)
27 error 404
27 error 404 Note that you can also install from a
27 error 404 tarball, folder, http url, or git url.
28 verbose exit [ 1, true ]
